<?xml version="1.0" encoding="UTF-8"?>
<!-- Generated by org.testng.reporters.JUnitXMLReporter -->
<testsuite hostname="DELL" name="Test" tests="6" failures="3" timestamp="6 Jan 2021 08:17:56 GMT" time="254.585" errors="0">
  <testcase name="ValidLogin" time="124.687" classname="com.orangehrm.qa.testcases.TestCase_01"/>
  <testcase name="temp" time="14.259" classname="com.orangehrm.qa.testcases.Ddtests"/>
  <testcase name="temp" time="3.257" classname="com.orangehrm.qa.testcases.Ddtests">
    <failure type="java.lang.AssertionError" message="expected [true] but found [false]">
      <![CDATA[java.lang.AssertionError: expected [true] but found [false]
	at com.orangehrm.qa.testcases.Ddtests.temp(Ddtests.java:75)
... Removed 29 stack frames]]>
    </failure>
  </testcase> <!-- temp -->
  <testcase name="temp" time="3.993" classname="com.orangehrm.qa.testcases.Ddtests">
    <failure type="java.lang.AssertionError" message="expected [true] but found [false]">
      <![CDATA[java.lang.AssertionError: expected [true] but found [false]
	at com.orangehrm.qa.testcases.Ddtests.temp(Ddtests.java:75)
... Removed 29 stack frames]]>
    </failure>
  </testcase> <!-- temp -->
  <testcase name="temp" time="2.813" classname="com.orangehrm.qa.testcases.Ddtests">
    <failure type="java.lang.AssertionError" message="expected [true] but found [false]">
      <![CDATA[java.lang.AssertionError: expected [true] but found [false]
	at com.orangehrm.qa.testcases.Ddtests.temp(Ddtests.java:75)
... Removed 29 stack frames]]>
    </failure>
  </testcase> <!-- temp -->
  <testcase name="temp" time="3.954" classname="com.orangehrm.qa.testcases.Ddtests"/>
</testsuite> <!-- Test -->
